0,510,13
1,739,37
2,861,50
3,917,41
4,953,58
5,972,62
6,978,61
7,986,69
8,992,74
9,988,65
10,991,65
11,990,51
12,995,61
13,995,60
14,991,64
15,992,72
16,996,55
17,996,59
18,992,63
19,991,70
20,992,53
21,994,50
22,997,57
23,995,58
24,997,53
25,995,52
26,994,52
27,991,56
28,994,56
29,994,52
30,996,55
31,997,62
32,989,52
33,991,55
34,990,47
35,995,66
36,994,63
37,993,57
38,995,66
39,990,71
40,994,74
41,992,72
42,996,67
43,996,67
44,999,63
45,994,61
46,996,65
47,991,68
48,989,67
49,991,62
50,989,64
51,990,61
52,992,60
53,992,60
54,994,59
55,990,62
56,994,60
57,995,70
58,995,68
59,990,65
60,991,59
61,991,60
62,988,61
63,986,58
64,992,69
65,990,69
66,991,65
67,991,67
68,992,63
69,995,68
70,995,70
71,995,81
72,996,55
73,993,77
74,995,60
75,992,62
76,991,62
77,993,67
78,992,63
79,996,60
80,996,54
81,991,72
82,990,65
83,989,70
84,989,65
85,992,67
86,993,59
87,991,67
88,993,81
89,992,76
90,991,82
91,989,84
92,991,72
93,991,81
94,995,77
95,993,83
96,988,80
97,989,86
98,994,80
99,994,83
100,993,88
101,994,84
102,993,84
103,993,89
104,990,94
105,992,90
106,994,89
107,995,95
108,988,93
109,994,88
110,993,88
111,994,97
112,995,95
113,991,87
114,989,84
115,993,91
116,991,90
117,992,88
118,993,96
119,994,97
120,993,98
121,995,103
122,992,91
123,992,90
124,992,79
125,991,91
126,990,79
127,987,73
128,991,82
129,993,73
130,991,78
131,985,97
132,989,80
133,987,79
134,992,78
135,995,77
136,990,74
137,991,82
138,993,74
139,993,81
140,997,75
141,994,69
142,994,84
143,993,91
144,994,96
145,987,89
146,993,84
147,994,71
148,992,83
149,993,86
150,994,72
151,994,75
152,996,76
153,997,77
154,993,66
155,995,74
156,994,89
157,995,80
158,992,80
159,992,88
160,995,86
161,996,84
162,995,80
163,997,85
164,993,91
165,994,97
166,992,96
167,989,87
168,992,82
169,989,96
170,991,97
171,993,83
172,994,85
173,996,85
174,991,84
175,989,80
176,995,76
177,994,84
178,994,84
179,998,77
180,995,84
181,995,78
182,994,75
183,993,83
184,989,79
185,987,72
186,992,67
187,993,73
188,986,81
189,990,78
190,995,78
191,992,78
192,994,79
193,989,81
194,993,80
195,997,76
196,995,69
197,995,75
198,995,82
199,997,78
200,993,76
201,991,82
202,990,79
203,996,71
204,997,70
205,998,92
206,993,69
207,996,73
208,993,81
209,995,68
210,997,68
211,990,76
212,996,77
213,994,63
214,996,76
215,994,71
216,993,78
217,995,71
218,992,55
219,988,56
220,992,67
221,989,62
222,988,49
223,992,66
224,995,65
225,992,61
226,993,60
227,993,55
228,994,55
229,993,52
230,993,68
231,994,67
232,992,67
233,990,71
234,991,69
235,993,79
236,995,59
237,994,70
238,993,75
239,992,63
240,995,68
241,992,62
242,992,61
243,992,69
244,991,74
245,986,81
246,989,72
247,990,67
248,988,77
249,990,62
250,990,64
251,990,61
252,992,60
253,991,67
254,994,68
255,993,65
256,990,58
257,990,67
258,990,83
259,989,91
260,993,83
261,994,82
262,993,83
263,995,82
264,992,90
265,992,90
266,990,96
267,990,78
268,993,86
269,990,85
270,993,84
271,993,92
272,995,90
273,997,83
274,993,87
275,994,90
276,994,98
277,993,64
278,995,78
279,995,69
280,992,75
281,994,54
282,993,70
283,989,75
284,989,66
285,983,65
286,988,68
287,990,76
288,991,73
289,988,69
290,990,68
291,993,83
292,994,75
293,991,64
294,992,68
295,995,73
296,998,74
297,995,72
298,994,71
299,995,71
300,998,57
301,996,61
302,994,77
303,993,84
304,991,69
305,993,83
306,987,70
307,990,66
308,994,69
309,994,62
310,993,76
311,994,79
312,997,72
313,997,87
314,996,71
315,991,78
316,991,73
317,989,74
318,991,76
319,990,77
320,991,80
321,993,71
322,992,78
323,992,76
324,991,73
325,994,82
326,995,79
327,994,76
328,993,67
329,995,83
330,996,71
331,994,78
332,991,88
333,994,82
334,996,86
335,995,85
336,992,88
337,991,72
338,993,83
339,989,91
340,992,83
341,996,78
342,993,91
343,994,81
344,993,89
345,987,88
346,988,104
347,991,94
348,994,99
349,996,91
350,994,89
351,993,90
352,994,95
353,991,99
354,991,105
355,991,83
356,992,98
357,994,96
358,994,95
359,995,91
360,988,96
361,985,84
362,988,91
363,985,94
364,992,96
365,990,100
366,990,91
367,996,91
368,993,82
369,990,102
370,989,97
371,989,90
372,989,81
373,991,78
374,989,75
375,990,73
376,992,73
377,993,63
378,992,76
379,996,74
380,993,78
381,992,73
382,992,66
383,989,76
384,990,69
385,988,69
386,992,78
387,991,74
388,993,85
389,995,83
390,994,90
391,998,72
392,995,72
393,996,76
394,998,68
395,994,77
396,996,87
397,996,74
398,994,82
399,993,83
400,990,84
401,991,90
402,992,87
403,992,79
404,992,79
405,994,80
406,990,86
407,992,89
408,989,81
409,990,78
410,992,69
411,992,84
412,992,80
413,993,93
414,992,92
415,989,91
416,990,88
417,992,81
418,993,90
419,991,81
420,994,89
421,995,84
422,996,97
423,992,85
424,997,87
425,995,83
426,993,90
427,989,94
428,993,90
429,995,80
430,994,102
431,995,101
432,996,87
433,997,96
434,989,85
435,992,84
436,993,90
437,994,77
438,994,75
439,995,81
440,991,85
441,994,70
442,991,71
443,993,89
444,993,74
445,991,85
446,990,83
447,994,78
448,995,87
449,995,80
450,993,87
451,993,91
452,996,93
453,994,81
454,995,83
455,995,85
456,993,96
457,991,88
458,993,96
459,992,94
460,995,90
461,989,89
462,992,104
463,995,89
464,995,98
465,990,99
466,993,79
467,990,93
468,992,93
469,991,90
470,989,96
471,990,87
472,993,93
473,987,102
474,989,109
475,992,93
476,992,100
477,997,106
478,995,93
479,992,102
480,993,89
481,994,91
482,994,105
483,991,86
484,992,100
485,995,89
486,995,88
487,991,87
488,989,91
489,991,97
490,988,91
491,991,85
492,991,82
493,991,92
494,994,92
495,993,92
496,991,96
497,991,87
498,992,85
499,995,78
500,996,88
501,995,88
502,994,87
503,994,82
504,995,79
505,988,83
506,993,98
507,993,89
508,989,85
509,990,90
510,991,95
511,994,84
512,991,87
513,991,90
514,992,91
515,989,82
516,991,88
517,993,96
518,993,77
519,990,95
520,993,95
521,993,98
522,992,91
523,992,87
524,992,93
525,992,102
526,994,105
527,994,101
528,994,92
529,994,104
530,993,90
531,989,99
532,990,100
533,991,86
534,994,91
535,995,100
536,995,95
537,991,91
538,990,88
539,986,87
540,990,101
541,988,82
542,995,79
543,994,87
544,994,74
545,992,78
546,994,81
547,997,93
548,991,81
549,993,79
550,994,92
551,994,91
552,994,94
553,992,79
554,993,89
555,993,89
556,989,82
557,992,92
558,990,82
559,994,80
560,995,60
561,994,79
562,993,78
563,993,85
564,993,86
565,992,85
566,991,85
567,991,80
568,993,75
569,992,71
570,992,75
571,988,85
572,990,77
573,994,70
574,990,86
575,996,80
576,996,77
577,995,80
578,992,72
579,993,80
580,997,68
581,995,80
582,993,74
583,992,80
584,992,73
585,993,85
586,994,84
587,997,84
588,995,82
589,989,81
590,993,90
591,991,87
592,992,88
593,991,85
594,995,80
595,993,86
596,992,80
597,989,77
598,988,73
599,990,78
600,992,79
601,993,87
602,991,76
603,990,93
604,995,78
605,998,87
606,995,85
607,998,90
608,998,92
609,994,79
610,992,79
611,990,90
612,991,77
613,995,78
614,993,83
615,993,77
616,991,89
617,990,75
618,986,76
619,989,81
620,990,70
621,990,75
622,990,83
623,991,57
624,993,76
625,995,76
626,994,76
627,992,67
628,991,72
629,991,59
630,997,67
631,993,67
632,987,79
633,992,82
634,994,70
635,987,71
636,993,75
637,995,88
638,991,79
639,994,63
640,994,64
641,996,67
642,994,75
643,990,69
644,990,65
645,990,74
646,991,76
647,989,68
648,990,77
649,993,76
650,994,79
651,996,73
652,993,76
653,994,72
654,992,72
655,996,71
656,994,62
657,990,73
658,991,76
659,996,66
660,996,72
661,994,75
662,995,67
663,999,70
664,997,65
665,993,54
666,993,65
667,992,62
668,992,78
669,993,74
670,993,78
671,988,61
672,990,71
673,991,65
674,994,66
675,995,68
676,996,72
677,994,59
678,991,64
679,991,71
680,989,74
681,989,75
682,990,81
683,995,72
684,991,78
685,991,67
686,988,72
687,993,75
688,992,71
689,992,76
690,998,91
691,997,71
692,992,73
693,996,78
694,990,79
695,992,62
696,995,72
697,993,71
698,992,83
699,994,82
700,991,74
701,991,79
702,991,79
703,993,69
704,989,76
705,995,68
706,991,77
707,992,96
708,993,74
709,995,79
710,992,79
711,990,75
712,992,83
713,991,83
714,995,80
715,990,85
716,988,82
717,991,87
718,990,84
719,993,78
720,993,76
721,992,82
722,992,83
723,992,83
724,994,80
725,991,63
726,994,68
727,993,75
728,990,69
729,989,81
730,993,75
731,993,77
732,992,78
733,994,75
734,993,77
735,988,76
736,988,66
737,986,76
738,991,74
739,990,75
740,990,76
741,990,68
742,994,79
743,996,75
744,995,68
745,991,86
746,990,71
747,992,75
748,992,80
749,989,80
750,989,77
751,988,71
752,988,73
753,991,69
754,987,80
755,988,75
756,993,77
757,990,81
758,991,80
759,995,92
760,992,72
761,994,84
762,993,82
763,989,79
764,985,84
765,985,81
766,994,82
767,993,79
768,995,71
769,993,86
770,992,85
771,990,93
772,990,77
773,990,83
774,991,93
775,989,89
776,991,81
777,989,87
778,990,82
779,989,91
780,991,88
781,992,90
782,992,86
783,990,84
784,991,88
785,992,87
786,989,85
787,988,88
788,989,84
789,989,80
790,992,86
791,991,79
792,987,84
793,986,76
794,994,86
795,992,88
796,992,86
797,992,79
798,994,92
799,993,99
800,994,92
801,991,108
802,992,100
803,997,105
804,997,99
805,998,97
806,996,90
807,997,95
808,993,96
809,991,93
810,990,101
811,992,105
812,994,87
813,995,82
814,990,87
815,991,75
816,993,92
817,986,91
818,992,91
819,992,86
820,993,100
821,993,94
822,993,104
823,996,96
824,992,91
825,996,107
826,992,89
827,988,88
828,984,88
829,986,87
830,991,95
831,993,88
832,994,96
833,995,92
834,997,95
835,995,97
836,990,91
837,992,93
838,993,92
839,996,98
840,994,94
841,989,94
842,992,91
843,993,97
844,995,98
845,994,91
846,996,91
847,995,82
848,991,105
849,988,103
850,990,105
851,986,97
852,991,102
853,989,97
854,994,96
855,995,116
856,992,108
857,995,98
858,987,97
859,991,89
860,993,85
861,991,85
862,992,100
863,994,93
864,993,85
865,994,92
866,989,93
867,992,87
868,994,95
869,996,94
870,994,86
871,990,99
872,993,87
873,994,80
874,990,80
875,989,85
876,990,88
877,994,87
878,994,100
879,992,99
880,992,89
881,986,84
882,990,97
883,991,101
884,991,91
885,990,81
886,993,77
887,992,78
888,993,85
889,992,71
890,993,83
891,989,76
892,993,86
893,991,80
894,995,75
895,992,83
896,995,83
897,992,85
898,990,89
899,987,82
900,987,84
901,993,80
902,991,90
903,989,76
904,985,83
905,991,82
906,996,91
907,991,94
908,991,103
909,993,94
910,991,92
911,991,98
912,987,88
913,991,88
914,989,78
915,987,104
916,989,101
917,992,72
918,991,91
919,988,91
920,993,87
921,990,87
922,992,88
923,988,96
924,990,96
925,990,107
926,991,91
927,989,95
928,993,90
929,991,100
930,988,103
931,988,97
932,990,96
933,986,101
934,987,112
935,989,97
936,994,120
937,994,112
938,995,112
939,989,116
940,988,106
941,993,122
942,986,104
943,990,121
944,983,107
945,987,100
946,990,100
947,989,105
948,991,102
949,993,109
950,995,107
951,994,116
952,994,105
953,992,107
954,994,110
955,995,103
956,991,102
957,990,111
958,991,115
959,991,108
960,991,112
961,993,99
962,991,93
963,987,120
964,988,107
965,988,98
966,996,99
967,993,100
968,991,96
969,992,95
970,993,98
971,994,105
972,993,101
973,992,93
974,993,98
975,993,105
976,992,106
977,994,103
978,991,106
979,991,117
980,994,96
981,989,104
982,989,108
983,991,103
984,989,107
985,986,102
986,989,93
987,991,98
988,990,94
989,994,92
990,993,95
991,995,85
992,993,94
993,990,97
994,991,91
995,992,88
996,994,94
997,993,95
998,993,104
999,990,91
